2024-09-04 16:06:13.584637 debug database.go:70              database is inited
2024-09-04 16:06:13.611272 debug socketmanager.go:31         waiting python server up
2024-09-04 16:06:13.612992 debug socketmanager.go:38         connect server success
2024-09-04 16:06:13.612992 info  web.go:51                   python service listening!
2024-09-04 16:06:13.613568 debug web.go:381                  server start
2024-09-04 16:06:17.462008 debug web.go:60                   cookie exist on brower
2024-09-04 16:06:17.462008 debug web.go:68                   but session expired on backend
2024-09-04 16:06:17.462008 debug cookie.go:29                cookie init
2024-09-04 16:06:17.476510 debug database.go:89              Added userid to db:93a94620_9209_494f_90cf_d5690b433d77
2024-09-04 16:06:17.476510 debug service.go:239              Add User:93a94620_9209_494f_90cf_d5690b433d77
2024-09-04 16:06:17.673705 debug web.go:85                   upload page request received
2024-09-04 16:06:19.454431 debug web.go:60                   cookie exist on brower
2024-09-04 16:06:19.519344 debug web.go:85                   upload page request received
2024-09-04 16:06:22.939769 debug web.go:85                   upload page request received
2024-09-04 16:06:22.940206 debug web.go:87                   收到上传的POST请求
2024-09-04 16:06:23.084795 debug file.go:51                  newfile path:cache\6c85ee5e_ff76_49f2_81f0_be0a31bae530.tar.gz
2024-09-04 16:06:23.090589 debug service.go:28               file 6c85ee5e_ff76_49f2_81f0_be0a31bae530 acquired lock
2024-09-04 16:06:23.090771 debug service.go:44               fileid=6c85ee5e_ff76_49f2_81f0_be0a31bae530 added to filemangaer of user
2024-09-04 16:06:23.103370 debug database.go:118             insert fileinfo table:6c85ee5e_ff76_49f2_81f0_be0a31bae530
2024-09-04 16:06:23.103370 debug service.go:46               fileid=6c85ee5e_ff76_49f2_81f0_be0a31bae530 added to database
2024-09-04 16:06:23.103370 debug service.go:57               6c85ee5e_ff76_49f2_81f0_be0a31bae530 added to cachequeue, current length: 1
2024-09-04 16:06:23.103370 debug service.go:48               fileid=6c85ee5e_ff76_49f2_81f0_be0a31bae530 added to memory
2024-09-04 16:06:23.107341 debug lockfree.go:95              checking file task mode for file: 6c85ee5e_ff76_49f2_81f0_be0a31bae530
2024-09-04 16:06:23.107341 debug lockfree.go:126             the rpc call preparation: 6c85ee5e_ff76_49f2_81f0_be0a31bae530
2024-09-04 16:06:23.108360 debug pythonmanager.go:189        sent rpc request:map[action:Start fileuid:6c85ee5e_ff76_49f2_81f0_be0a31bae530 task:Dbg useruid:93a94620_9209_494f_90cf_d5690b433d77]
2024-09-04 16:06:23.108360 debug service.go:178              announce all sockets in user: 93a94620_9209_494f_90cf_d5690b433d77
2024-09-04 16:06:23.108360 debug service.go:36               file 6c85ee5e_ff76_49f2_81f0_be0a31bae530 released lock
2024-09-04 16:06:23.108360 debug web.go:107                  redirect success
2024-09-04 16:06:23.110340 debug web.go:124                  uploadedfiles
2024-09-04 16:06:23.120930 debug web.go:124                  uploadedfiles
2024-09-04 16:06:23.219370 debug web.go:172                  current user id: 93a94620_9209_494f_90cf_d5690b433d77
2024-09-04 16:06:23.219370 debug service.go:178              announce all sockets in user: 93a94620_9209_494f_90cf_d5690b433d77
2024-09-04 16:06:24.130447 debug socketmanager.go:70         read from python server:{"useruid": "93a94620_9209_494f_90cf_d5690b433d77", "fileuid": "6c85ee5e_ff76_49f2_81f0_be0a31bae530", "task": "Dbg", "state": "Success"}

2024-09-04 16:06:24.131117 debug service.go:178              announce all sockets in user: 93a94620_9209_494f_90cf_d5690b433d77
2024-09-04 16:06:24.423664 info  web.go:195                  start to parse ids:6c85ee5e_ff76_49f2_81f0_be0a31bae530
2024-09-04 16:06:24.429297 debug service.go:111              Go thread start:6c85ee5e_ff76_49f2_81f0_be0a31bae530
2024-09-04 16:06:24.787420 debug service.go:123              Received first line of ids analysis:6c85ee5e_ff76_49f2_81f0_be0a31bae530:4
2024-09-04 16:06:24.787420 debug service.go:178              announce all sockets in user: 93a94620_9209_494f_90cf_d5690b433d77
2024-09-04 16:06:27.200708 debug service.go:139              python outputs:detail cap catched
2024-09-04 16:06:27.200708 debug service.go:139              python outputs:filename:cache\6c85ee5e_ff76_49f2_81f0_be0a31bae530\logs\sctp2 : summary cap catched
2024-09-04 16:06:27.200708 debug service.go:139              python outputs:print "cache\6c85ee5e_ff76_49f2_81f0_be0a31bae530\logs\sctp2" successful
2024-09-04 16:06:27.200708 debug service.go:139              python outputs:sctp_finished_one
2024-09-04 16:06:27.200708 debug service.go:178              announce all sockets in user: 93a94620_9209_494f_90cf_d5690b433d77
2024-09-04 16:06:27.552800 debug service.go:139              python outputs:print "cache\6c85ee5e_ff76_49f2_81f0_be0a31bae530\cache\sctp0_2024-06-18-09-21-25.pcap" successful
2024-09-04 16:06:27.553697 debug service.go:139              python outputs:print "cache\6c85ee5e_ff76_49f2_81f0_be0a31bae530\cache\sctp1_2024-06-18-09-21-43.pcap" successful
2024-09-04 16:06:27.553697 debug service.go:139              python outputs:sctp_finished_one
2024-09-04 16:06:27.553697 debug service.go:178              announce all sockets in user: 93a94620_9209_494f_90cf_d5690b433d77
2024-09-04 16:06:27.554422 debug service.go:139              python outputs:sctp_finished_one
2024-09-04 16:06:27.554422 debug service.go:178              announce all sockets in user: 93a94620_9209_494f_90cf_d5690b433d77
2024-09-04 16:06:27.562690 debug service.go:139              python outputs:print "cache\6c85ee5e_ff76_49f2_81f0_be0a31bae530\cache\sctp2_2024-06-18-09-21-04.pcap" successful
2024-09-04 16:06:27.563216 debug service.go:139              python outputs:sctp_finished_one
2024-09-04 16:06:27.563249 debug service.go:178              announce all sockets in user: 93a94620_9209_494f_90cf_d5690b433d77
2024-09-04 16:06:27.828323 debug service.go:151              Go thread end:6c85ee5e_ff76_49f2_81f0_be0a31bae530
2024-09-04 16:06:32.926300 debug web.go:263                  showresults_ids
2024-09-04 16:06:32.936486 debug web.go:184                  websocket read error:websocket: close 1001 (going away)
2024-09-04 16:11:36.771539 debug web.go:85                   upload page request received
2024-09-04 16:11:38.496758 debug web.go:124                  uploadedfiles
2024-09-04 16:11:38.612303 debug web.go:172                  current user id: 93a94620_9209_494f_90cf_d5690b433d77
2024-09-04 16:11:38.613089 debug service.go:178              announce all sockets in user: 93a94620_9209_494f_90cf_d5690b433d77
2024-09-04 16:11:40.039761 debug web.go:202                  clear cache
2024-09-04 16:11:40.039761 debug web.go:216                  file 6c85ee5e_ff76_49f2_81f0_be0a31bae530 acquired lock
2024-09-04 16:11:40.039761 debug lockfree.go:48              force stop and delete file 6c85ee5e_ff76_49f2_81f0_be0a31bae530
2024-09-04 16:11:40.039761 debug pythonmanager.go:143        forcing stop:6c85ee5e_ff76_49f2_81f0_be0a31bae530
2024-09-04 16:11:40.040759 debug pythonmanager.go:164        kill ids process error:invalid argument
2024-09-04 16:11:40.040759 debug pythonmanager.go:169        kill removecache process error:invalid argument
2024-09-04 16:11:40.040759 debug lockfree.go:51              file 6c85ee5e_ff76_49f2_81f0_be0a31bae530 removed from python process manager
2024-09-04 16:11:40.040759 debug lockfree.go:53              file 6c85ee5e_ff76_49f2_81f0_be0a31bae530 removed from cache queue
2024-09-04 16:11:40.042757 debug socketmanager.go:70         read from python server:{"useruid": "93a94620_9209_494f_90cf_d5690b433d77", "fileuid": "6c85ee5e_ff76_49f2_81f0_be0a31bae530", "task": "Dbg", "state": "Failed"}

2024-09-04 16:11:40.042757 debug service.go:292              scheduled termination for: 6c85ee5e_ff76_49f2_81f0_be0a31bae530
2024-09-04 16:11:40.074165 debug lockfree.go:56              file 6c85ee5e_ff76_49f2_81f0_be0a31bae530 deleted from database
2024-09-04 16:11:40.084332 debug database.go:106             Error Error 1051 (42S02): Unknown table 'webapp.dbgitems_6c85ee5e_ff76_49f2_81f0_be0a31bae530', when drop table dbgitems_6c85ee5e_ff76_49f2_81f0_be0a31bae530

2024-09-04 16:11:40.099699 debug file.go:16                  first delete file directory: 6c85ee5e_ff76_49f2_81f0_be0a31bae530
2024-09-04 16:11:40.100255 debug file.go:18                  first delete file failed:remove cache\6c85ee5e_ff76_49f2_81f0_be0a31bae530\logs: The process cannot access the file because it is being used by another process.
2024-09-04 16:11:40.100255 debug file.go:16                  first delete file directory: 6c85ee5e_ff76_49f2_81f0_be0a31bae530
2024-09-04 16:11:40.100255 error lockfree.go:60              delete 6c85ee5e_ff76_49f2_81f0_be0a31bae530 directory error:remove cache\6c85ee5e_ff76_49f2_81f0_be0a31bae530\logs: The process cannot access the file because it is being used by another process.

2024-09-04 16:11:40.100779 debug file.go:33                  first delete file:6c85ee5e_ff76_49f2_81f0_be0a31bae530
2024-09-04 16:11:40.100779 debug file.go:33                  first delete file:6c85ee5e_ff76_49f2_81f0_be0a31bae530
2024-09-04 16:11:40.100857 debug file.go:35                  first delete file failed:remove cache\6c85ee5e_ff76_49f2_81f0_be0a31bae530.tar.gz: The system cannot find the file specified.
2024-09-04 16:11:40.100857 debug file.go:35                  first delete file failed:remove cache\6c85ee5e_ff76_49f2_81f0_be0a31bae530.tar.gz: The system cannot find the file specified.
2024-09-04 16:11:40.100857 error lockfree.go:64              delete 6c85ee5e_ff76_49f2_81f0_be0a31bae530 file error:remove cache\6c85ee5e_ff76_49f2_81f0_be0a31bae530.tar.gz: The system cannot find the file specified.

2024-09-04 16:11:40.100857 error service.go:304              delete 6c85ee5e_ff76_49f2_81f0_be0a31bae530 file error:remove cache\6c85ee5e_ff76_49f2_81f0_be0a31bae530.tar.gz: The system cannot find the file specified.

2024-09-04 16:11:40.100857 debug service.go:178              announce all sockets in user: 93a94620_9209_494f_90cf_d5690b433d77
2024-09-04 16:11:40.100857 debug web.go:219                  file 6c85ee5e_ff76_49f2_81f0_be0a31bae530 released lock
2024-09-04 16:11:40.100857 debug web.go:220                  cleared cache:6c85ee5e_ff76_49f2_81f0_be0a31bae530
2024-09-04 16:11:40.102055 info  web.go:192                  Empty Json returned to 93a94620_9209_494f_90cf_d5690b433d77
2024-09-04 16:11:40.608390 debug web.go:85                   upload page request received
2024-09-04 16:11:40.617405 debug web.go:184                  websocket read error:websocket: close 1001 (going away)
2024-09-04 16:11:43.760046 debug web.go:85                   upload page request received
2024-09-04 16:11:43.760046 debug web.go:87                   收到上传的POST请求
2024-09-04 16:11:43.913229 debug file.go:51                  newfile path:cache\d5d46562_7e47_4db4_896f_a9fb4dcc82a6.tar.gz
2024-09-04 16:11:43.917787 debug service.go:28               file d5d46562_7e47_4db4_896f_a9fb4dcc82a6 acquired lock
2024-09-04 16:11:43.918343 debug service.go:44               fileid=d5d46562_7e47_4db4_896f_a9fb4dcc82a6 added to filemangaer of user
2024-09-04 16:11:43.931621 debug database.go:118             insert fileinfo table:d5d46562_7e47_4db4_896f_a9fb4dcc82a6
2024-09-04 16:11:43.931621 debug service.go:46               fileid=d5d46562_7e47_4db4_896f_a9fb4dcc82a6 added to database
2024-09-04 16:11:43.931621 debug service.go:57               d5d46562_7e47_4db4_896f_a9fb4dcc82a6 added to cachequeue, current length: 1
2024-09-04 16:11:43.931621 debug service.go:48               fileid=d5d46562_7e47_4db4_896f_a9fb4dcc82a6 added to memory
2024-09-04 16:11:43.935090 debug lockfree.go:95              checking file task mode for file: d5d46562_7e47_4db4_896f_a9fb4dcc82a6
2024-09-04 16:11:43.935090 debug lockfree.go:126             the rpc call preparation: d5d46562_7e47_4db4_896f_a9fb4dcc82a6
2024-09-04 16:11:43.935696 debug pythonmanager.go:189        sent rpc request:map[action:Start fileuid:d5d46562_7e47_4db4_896f_a9fb4dcc82a6 task:Dbg useruid:93a94620_9209_494f_90cf_d5690b433d77]
2024-09-04 16:11:43.935696 debug service.go:178              announce all sockets in user: 93a94620_9209_494f_90cf_d5690b433d77
2024-09-04 16:11:43.935696 debug service.go:36               file d5d46562_7e47_4db4_896f_a9fb4dcc82a6 released lock
2024-09-04 16:11:43.935696 debug web.go:107                  redirect success
2024-09-04 16:11:43.938826 debug web.go:124                  uploadedfiles
2024-09-04 16:11:43.950638 debug web.go:124                  uploadedfiles
2024-09-04 16:11:44.072357 debug web.go:172                  current user id: 93a94620_9209_494f_90cf_d5690b433d77
2024-09-04 16:11:44.072357 debug service.go:178              announce all sockets in user: 93a94620_9209_494f_90cf_d5690b433d77
2024-09-04 16:11:44.961795 debug socketmanager.go:70         read from python server:{"useruid": "93a94620_9209_494f_90cf_d5690b433d77", "fileuid": "d5d46562_7e47_4db4_896f_a9fb4dcc82a6", "task": "Dbg", "state": "Success"}

2024-09-04 16:11:44.962341 debug service.go:178              announce all sockets in user: 93a94620_9209_494f_90cf_d5690b433d77
2024-09-04 16:11:45.463893 info  web.go:195                  start to parse ids:d5d46562_7e47_4db4_896f_a9fb4dcc82a6
2024-09-04 16:11:45.468259 debug service.go:111              Go thread start:d5d46562_7e47_4db4_896f_a9fb4dcc82a6
2024-09-04 16:11:45.859043 debug service.go:123              Received first line of ids analysis:d5d46562_7e47_4db4_896f_a9fb4dcc82a6:4
2024-09-04 16:11:45.859043 debug service.go:178              announce all sockets in user: 93a94620_9209_494f_90cf_d5690b433d77
2024-09-04 16:11:47.883988 debug service.go:139              python outputs:detail cap catched
2024-09-04 16:11:47.884295 debug service.go:139              python outputs:filename:cache\d5d46562_7e47_4db4_896f_a9fb4dcc82a6\logs\sctp2 : summary cap catched
2024-09-04 16:11:47.884295 debug service.go:139              python outputs:print "cache\d5d46562_7e47_4db4_896f_a9fb4dcc82a6\logs\sctp2" successful
2024-09-04 16:11:47.884295 debug service.go:139              python outputs:sctp_finished_one
2024-09-04 16:11:47.884295 debug service.go:178              announce all sockets in user: 93a94620_9209_494f_90cf_d5690b433d77
2024-09-04 16:11:48.190432 debug service.go:139              python outputs:print "cache\d5d46562_7e47_4db4_896f_a9fb4dcc82a6\cache\sctp1_2024-06-18-09-21-43.pcap" successful
2024-09-04 16:11:48.190432 debug service.go:139              python outputs:sctp_finished_one
2024-09-04 16:11:48.190432 debug service.go:178              announce all sockets in user: 93a94620_9209_494f_90cf_d5690b433d77
2024-09-04 16:11:48.256338 debug service.go:139              python outputs:print "cache\d5d46562_7e47_4db4_896f_a9fb4dcc82a6\cache\sctp2_2024-06-18-09-21-04.pcap" successful
2024-09-04 16:11:48.256623 debug service.go:139              python outputs:sctp_finished_one
2024-09-04 16:11:48.256623 debug service.go:178              announce all sockets in user: 93a94620_9209_494f_90cf_d5690b433d77
2024-09-04 16:11:48.392692 debug service.go:139              python outputs:print "cache\d5d46562_7e47_4db4_896f_a9fb4dcc82a6\cache\sctp0_2024-06-18-09-21-25.pcap" successful
2024-09-04 16:11:48.392692 debug service.go:139              python outputs:sctp_finished_one
2024-09-04 16:11:48.392692 debug service.go:178              announce all sockets in user: 93a94620_9209_494f_90cf_d5690b433d77
2024-09-04 16:11:48.636700 debug service.go:151              Go thread end:d5d46562_7e47_4db4_896f_a9fb4dcc82a6
2024-09-04 16:11:50.105289 debug file.go:22                  retried delete file directory: 6c85ee5e_ff76_49f2_81f0_be0a31bae530
2024-09-04 16:11:50.105289 debug file.go:39                  retried delete file:6c85ee5e_ff76_49f2_81f0_be0a31bae530
2024-09-04 16:11:50.105808 debug file.go:39                  retried delete file:6c85ee5e_ff76_49f2_81f0_be0a31bae530
2024-09-04 16:14:11.995312 debug web.go:202                  clear cache
2024-09-04 16:14:11.995607 debug web.go:216                  file d5d46562_7e47_4db4_896f_a9fb4dcc82a6 acquired lock
2024-09-04 16:14:11.995607 debug lockfree.go:48              force stop and delete file d5d46562_7e47_4db4_896f_a9fb4dcc82a6
2024-09-04 16:14:11.995607 debug pythonmanager.go:143        forcing stop:d5d46562_7e47_4db4_896f_a9fb4dcc82a6
2024-09-04 16:14:11.996197 debug pythonmanager.go:164        kill ids process error:invalid argument
2024-09-04 16:14:11.996197 debug pythonmanager.go:169        kill removecache process error:invalid argument
2024-09-04 16:14:11.996197 debug lockfree.go:51              file d5d46562_7e47_4db4_896f_a9fb4dcc82a6 removed from python process manager
2024-09-04 16:14:11.996197 debug lockfree.go:53              file d5d46562_7e47_4db4_896f_a9fb4dcc82a6 removed from cache queue
2024-09-04 16:14:11.997532 debug socketmanager.go:70         read from python server:{"useruid": "93a94620_9209_494f_90cf_d5690b433d77", "fileuid": "d5d46562_7e47_4db4_896f_a9fb4dcc82a6", "task": "Dbg", "state": "Failed"}

2024-09-04 16:14:12.000838 debug service.go:292              scheduled termination for: d5d46562_7e47_4db4_896f_a9fb4dcc82a6
2024-09-04 16:14:12.040430 debug lockfree.go:56              file d5d46562_7e47_4db4_896f_a9fb4dcc82a6 deleted from database
2024-09-04 16:14:12.050676 debug database.go:106             Error Error 1051 (42S02): Unknown table 'webapp.dbgitems_d5d46562_7e47_4db4_896f_a9fb4dcc82a6', when drop table dbgitems_d5d46562_7e47_4db4_896f_a9fb4dcc82a6

2024-09-04 16:14:12.066121 debug file.go:16                  first delete file directory: d5d46562_7e47_4db4_896f_a9fb4dcc82a6
2024-09-04 16:14:12.066121 debug file.go:16                  first delete file directory: d5d46562_7e47_4db4_896f_a9fb4dcc82a6
2024-09-04 16:14:12.066121 debug file.go:33                  first delete file:d5d46562_7e47_4db4_896f_a9fb4dcc82a6
2024-09-04 16:14:12.066121 debug file.go:35                  first delete file failed:remove cache\d5d46562_7e47_4db4_896f_a9fb4dcc82a6.tar.gz: The system cannot find the file specified.
2024-09-04 16:14:12.066646 error service.go:304              delete d5d46562_7e47_4db4_896f_a9fb4dcc82a6 file error:remove cache\d5d46562_7e47_4db4_896f_a9fb4dcc82a6.tar.gz: The system cannot find the file specified.

2024-09-04 16:14:12.066646 debug service.go:178              announce all sockets in user: 93a94620_9209_494f_90cf_d5690b433d77
2024-09-04 16:14:12.066842 debug file.go:33                  first delete file:d5d46562_7e47_4db4_896f_a9fb4dcc82a6
2024-09-04 16:14:12.066842 debug file.go:35                  first delete file failed:remove cache\d5d46562_7e47_4db4_896f_a9fb4dcc82a6.tar.gz: The system cannot find the file specified.
2024-09-04 16:14:12.066842 error lockfree.go:64              delete d5d46562_7e47_4db4_896f_a9fb4dcc82a6 file error:remove cache\d5d46562_7e47_4db4_896f_a9fb4dcc82a6.tar.gz: The system cannot find the file specified.

2024-09-04 16:14:12.066842 debug web.go:219                  file d5d46562_7e47_4db4_896f_a9fb4dcc82a6 released lock
2024-09-04 16:14:12.066842 debug web.go:220                  cleared cache:d5d46562_7e47_4db4_896f_a9fb4dcc82a6
2024-09-04 16:14:12.067408 info  web.go:192                  Empty Json returned to 93a94620_9209_494f_90cf_d5690b433d77
2024-09-04 16:14:13.003081 debug web.go:85                   upload page request received
2024-09-04 16:14:13.014431 debug web.go:184                  websocket read error:websocket: close 1001 (going away)
2024-09-04 16:14:13.636840 debug web.go:60                   cookie exist on brower
2024-09-04 16:14:13.702894 debug web.go:85                   upload page request received
2024-09-04 16:14:16.934112 debug web.go:85                   upload page request received
2024-09-04 16:14:16.934744 debug web.go:87                   收到上传的POST请求
2024-09-04 16:14:17.017949 debug file.go:51                  newfile path:cache\0c29497d_9867_4971_93c2_3596c47ce2a8.tar.gz
2024-09-04 16:14:17.022590 debug service.go:28               file 0c29497d_9867_4971_93c2_3596c47ce2a8 acquired lock
2024-09-04 16:14:17.022590 debug service.go:44               fileid=0c29497d_9867_4971_93c2_3596c47ce2a8 added to filemangaer of user
2024-09-04 16:14:17.033778 debug database.go:118             insert fileinfo table:0c29497d_9867_4971_93c2_3596c47ce2a8
2024-09-04 16:14:17.033778 debug service.go:46               fileid=0c29497d_9867_4971_93c2_3596c47ce2a8 added to database
2024-09-04 16:14:17.033778 debug service.go:57               0c29497d_9867_4971_93c2_3596c47ce2a8 added to cachequeue, current length: 1
2024-09-04 16:14:17.033778 debug service.go:48               fileid=0c29497d_9867_4971_93c2_3596c47ce2a8 added to memory
2024-09-04 16:14:17.037300 debug lockfree.go:95              checking file task mode for file: 0c29497d_9867_4971_93c2_3596c47ce2a8
2024-09-04 16:14:17.037300 debug lockfree.go:126             the rpc call preparation: 0c29497d_9867_4971_93c2_3596c47ce2a8
2024-09-04 16:14:17.037300 debug pythonmanager.go:189        sent rpc request:map[action:Start fileuid:0c29497d_9867_4971_93c2_3596c47ce2a8 task:Dbg useruid:93a94620_9209_494f_90cf_d5690b433d77]
2024-09-04 16:14:17.037300 debug service.go:178              announce all sockets in user: 93a94620_9209_494f_90cf_d5690b433d77
2024-09-04 16:14:17.037300 debug service.go:36               file 0c29497d_9867_4971_93c2_3596c47ce2a8 released lock
2024-09-04 16:14:17.037300 debug web.go:107                  redirect success
2024-09-04 16:14:17.040423 debug web.go:124                  uploadedfiles
2024-09-04 16:14:17.051427 debug web.go:124                  uploadedfiles
2024-09-04 16:14:17.122258 debug web.go:172                  current user id: 93a94620_9209_494f_90cf_d5690b433d77
2024-09-04 16:14:17.122258 debug service.go:178              announce all sockets in user: 93a94620_9209_494f_90cf_d5690b433d77
2024-09-04 16:14:18.009796 debug socketmanager.go:70         read from python server:{"useruid": "93a94620_9209_494f_90cf_d5690b433d77", "fileuid": "0c29497d_9867_4971_93c2_3596c47ce2a8", "task": "Dbg", "state": "Success"}

2024-09-04 16:14:18.010850 debug service.go:178              announce all sockets in user: 93a94620_9209_494f_90cf_d5690b433d77
2024-09-04 16:14:18.170161 info  web.go:195                  start to parse ids:0c29497d_9867_4971_93c2_3596c47ce2a8
2024-09-04 16:14:18.174735 debug service.go:111              Go thread start:0c29497d_9867_4971_93c2_3596c47ce2a8
2024-09-04 16:14:18.691628 debug service.go:123              Received first line of ids analysis:0c29497d_9867_4971_93c2_3596c47ce2a8:4
2024-09-04 16:14:18.692668 debug service.go:178              announce all sockets in user: 93a94620_9209_494f_90cf_d5690b433d77
2024-09-04 16:14:22.068766 debug file.go:39                  retried delete file:d5d46562_7e47_4db4_896f_a9fb4dcc82a6
2024-09-04 16:14:22.068766 debug file.go:39                  retried delete file:d5d46562_7e47_4db4_896f_a9fb4dcc82a6
2024-09-04 16:14:24.493024 debug service.go:139              python outputs:detail cap catched
2024-09-04 16:14:24.493024 debug service.go:139              python outputs:filename:cache\0c29497d_9867_4971_93c2_3596c47ce2a8\logs\sctp2 : summary cap catched
2024-09-04 16:14:24.493024 debug service.go:139              python outputs:print "cache\0c29497d_9867_4971_93c2_3596c47ce2a8\logs\sctp2" successful
2024-09-04 16:14:24.493024 debug service.go:139              python outputs:sctp_finished_one
2024-09-04 16:14:24.493024 debug service.go:178              announce all sockets in user: 93a94620_9209_494f_90cf_d5690b433d77
2024-09-04 16:14:24.800812 debug service.go:139              python outputs:print "cache\0c29497d_9867_4971_93c2_3596c47ce2a8\cache\sctp0_2024-06-18-09-21-25.pcap" successful
2024-09-04 16:14:24.801562 debug service.go:139              python outputs:sctp_finished_one
2024-09-04 16:14:24.801562 debug service.go:178              announce all sockets in user: 93a94620_9209_494f_90cf_d5690b433d77
2024-09-04 16:14:24.802743 debug service.go:139              python outputs:print "cache\0c29497d_9867_4971_93c2_3596c47ce2a8\cache\sctp2_2024-06-18-09-21-04.pcap" successful
2024-09-04 16:14:24.802743 debug service.go:139              python outputs:sctp_finished_one
2024-09-04 16:14:24.802743 debug service.go:178              announce all sockets in user: 93a94620_9209_494f_90cf_d5690b433d77
2024-09-04 16:14:24.814229 debug service.go:139              python outputs:print "cache\0c29497d_9867_4971_93c2_3596c47ce2a8\cache\sctp1_2024-06-18-09-21-43.pcap" successful
2024-09-04 16:14:24.814229 debug service.go:139              python outputs:sctp_finished_one
2024-09-04 16:14:24.814229 debug service.go:178              announce all sockets in user: 93a94620_9209_494f_90cf_d5690b433d77
2024-09-04 16:14:25.083495 debug service.go:151              Go thread end:0c29497d_9867_4971_93c2_3596c47ce2a8
2024-09-04 16:30:14.851502 debug web.go:60                   cookie exist on brower
2024-09-04 16:30:14.864908 debug web.go:184                  websocket read error:websocket: close 1001 (going away)
2024-09-04 16:30:14.924438 debug web.go:85                   upload page request received
2024-09-04 16:30:15.712297 debug web.go:124                  uploadedfiles
2024-09-04 16:30:15.813055 debug web.go:172                  current user id: 93a94620_9209_494f_90cf_d5690b433d77
2024-09-04 16:30:15.813055 debug service.go:178              announce all sockets in user: 93a94620_9209_494f_90cf_d5690b433d77
2024-09-04 16:30:16.368140 debug web.go:85                   upload page request received
2024-09-04 16:30:16.378889 debug web.go:184                  websocket read error:websocket: close 1001 (going away)
2024-09-04 16:30:19.923758 debug web.go:85                   upload page request received
2024-09-04 16:30:19.923758 debug web.go:87                   收到上传的POST请求
2024-09-04 16:30:20.204657 debug file.go:51                  newfile path:cache\e9cdf114_f864_4ee1_bcc7_d7eafb23cc1e.tar.gz
2024-09-04 16:30:20.209454 debug service.go:28               file e9cdf114_f864_4ee1_bcc7_d7eafb23cc1e acquired lock
2024-09-04 16:30:20.210029 debug service.go:44               fileid=e9cdf114_f864_4ee1_bcc7_d7eafb23cc1e added to filemangaer of user
2024-09-04 16:30:20.229244 debug database.go:118             insert fileinfo table:e9cdf114_f864_4ee1_bcc7_d7eafb23cc1e
2024-09-04 16:30:20.229244 debug service.go:46               fileid=e9cdf114_f864_4ee1_bcc7_d7eafb23cc1e added to database
2024-09-04 16:30:20.229244 debug service.go:57               e9cdf114_f864_4ee1_bcc7_d7eafb23cc1e added to cachequeue, current length: 2
2024-09-04 16:30:20.229244 debug service.go:48               fileid=e9cdf114_f864_4ee1_bcc7_d7eafb23cc1e added to memory
2024-09-04 16:30:20.232796 debug lockfree.go:95              checking file task mode for file: e9cdf114_f864_4ee1_bcc7_d7eafb23cc1e
2024-09-04 16:30:20.232796 debug lockfree.go:126             the rpc call preparation: e9cdf114_f864_4ee1_bcc7_d7eafb23cc1e
2024-09-04 16:30:20.232796 debug pythonmanager.go:189        sent rpc request:map[action:Start fileuid:e9cdf114_f864_4ee1_bcc7_d7eafb23cc1e task:Dbg useruid:93a94620_9209_494f_90cf_d5690b433d77]
2024-09-04 16:30:20.232796 debug service.go:178              announce all sockets in user: 93a94620_9209_494f_90cf_d5690b433d77
2024-09-04 16:30:20.232796 debug service.go:36               file e9cdf114_f864_4ee1_bcc7_d7eafb23cc1e released lock
2024-09-04 16:30:20.232796 debug web.go:107                  redirect success
2024-09-04 16:30:20.236935 debug web.go:124                  uploadedfiles
2024-09-04 16:30:20.247108 debug web.go:124                  uploadedfiles
2024-09-04 16:30:20.318310 debug web.go:172                  current user id: 93a94620_9209_494f_90cf_d5690b433d77
2024-09-04 16:30:20.318896 debug service.go:178              announce all sockets in user: 93a94620_9209_494f_90cf_d5690b433d77
2024-09-04 16:30:21.353291 debug socketmanager.go:70         read from python server:{"useruid": "93a94620_9209_494f_90cf_d5690b433d77", "fileuid": "e9cdf114_f864_4ee1_bcc7_d7eafb23cc1e", "task": "Dbg", "state": "Success"}

2024-09-04 16:30:21.353291 debug service.go:178              announce all sockets in user: 93a94620_9209_494f_90cf_d5690b433d77
2024-09-04 16:30:21.838294 info  web.go:195                  start to parse ids:e9cdf114_f864_4ee1_bcc7_d7eafb23cc1e
2024-09-04 16:30:21.843430 debug service.go:111              Go thread start:e9cdf114_f864_4ee1_bcc7_d7eafb23cc1e
2024-09-04 16:30:22.445555 debug service.go:123              Received first line of ids analysis:e9cdf114_f864_4ee1_bcc7_d7eafb23cc1e:4
2024-09-04 16:30:22.445555 debug service.go:178              announce all sockets in user: 93a94620_9209_494f_90cf_d5690b433d77
2024-09-04 16:30:40.878859 debug service.go:139              python outputs:detail cap catched
2024-09-04 16:30:40.878859 debug service.go:139              python outputs:filename:cache\e9cdf114_f864_4ee1_bcc7_d7eafb23cc1e\logs\sctp2 : summary cap catched
2024-09-04 16:30:40.878859 debug service.go:139              python outputs:print "cache\e9cdf114_f864_4ee1_bcc7_d7eafb23cc1e\logs\sctp2" successful
2024-09-04 16:30:40.878859 debug service.go:139              python outputs:sctp_finished_one
2024-09-04 16:30:40.878859 debug service.go:178              announce all sockets in user: 93a94620_9209_494f_90cf_d5690b433d77
2024-09-04 16:30:46.573479 debug service.go:139              python outputs:print "cache\e9cdf114_f864_4ee1_bcc7_d7eafb23cc1e\cache\sctp0_2024-06-18-09-21-25.pcap" successful
2024-09-04 16:30:46.573783 debug service.go:139              python outputs:sctp_finished_one
2024-09-04 16:30:46.573783 debug service.go:178              announce all sockets in user: 93a94620_9209_494f_90cf_d5690b433d77
2024-09-04 16:30:54.989287 debug service.go:139              python outputs:print "cache\e9cdf114_f864_4ee1_bcc7_d7eafb23cc1e\cache\sctp1_2024-06-18-09-21-43.pcap" successful
2024-09-04 16:30:54.990155 debug service.go:139              python outputs:sctp_finished_one
2024-09-04 16:30:54.990247 debug service.go:178              announce all sockets in user: 93a94620_9209_494f_90cf_d5690b433d77
2024-09-04 16:30:57.634023 debug service.go:139              python outputs:print "cache\e9cdf114_f864_4ee1_bcc7_d7eafb23cc1e\cache\sctp2_2024-06-18-09-21-04.pcap" successful
2024-09-04 16:30:57.634023 debug service.go:139              python outputs:sctp_finished_one
2024-09-04 16:30:57.634023 debug service.go:178              announce all sockets in user: 93a94620_9209_494f_90cf_d5690b433d77
2024-09-04 16:30:58.070105 debug service.go:151              Go thread end:e9cdf114_f864_4ee1_bcc7_d7eafb23cc1e
2024-09-04 16:31:02.784720 debug web.go:263                  showresults_ids
2024-09-04 16:31:02.807480 debug web.go:184                  websocket read error:websocket: close 1001 (going away)
2024-09-04 16:31:13.449312 debug web.go:85                   upload page request received
